2024-12-31 00:51:54,029 INFO o.j.u.BuiltInFunctionalInterfaces [main] Logger:: HIgh Costly
2024-12-31 01:17:57,129 INFO o.j.u.BuiltInFunctionalInterfaces [main] Logger:: HIgh Costly
2024-12-31 01:17:57,137 INFO o.j.u.BuiltInFunctionalInterfaces [main]  false
2024-12-31 01:19:24,355 INFO o.j.u.BuiltInFunctionalInterfaces [main] Logger:: HIgh Costly
2024-12-31 01:19:24,360 INFO o.j.u.BuiltInFunctionalInterfaces [main]  false
2024-12-31 01:33:12,039 INFO o.j.u.BuiltInFunctionalInterfaces [main]  true
2024-12-31 01:33:12,041 INFO o.j.u.BuiltInFunctionalInterfaces [main] Apply BiPredicate for if cost value for two product are same
2024-12-31 01:33:12,042 INFO o.j.u.BuiltInFunctionalInterfaces [main] Comapring prodicts with the prices:: true
2024-12-31 01:33:25,989 INFO o.j.u.BuiltInFunctionalInterfaces [main] Logger:: HIgh Costly
2024-12-31 01:33:25,997 INFO o.j.u.BuiltInFunctionalInterfaces [main]  false
2024-12-31 01:33:25,997 INFO o.j.u.BuiltInFunctionalInterfaces [main] Apply BiPredicate for if cost value for two product are same
2024-12-31 01:33:25,998 INFO o.j.u.BuiltInFunctionalInterfaces [main] Comapring products with the prices:: true
2024-12-31 12:33:47,229 INFO o.j.u.BuiltInFunctionalInterfaces [main] Logger:: HIgh Costly
2024-12-31 12:33:47,235 INFO o.j.u.BuiltInFunctionalInterfaces [main]  true
2024-12-31 12:33:47,235 INFO o.j.u.BuiltInFunctionalInterfaces [main] Apply BiPredicate for if cost value for two product are same
2024-12-31 12:33:47,236 INFO o.j.u.BuiltInFunctionalInterfaces [main] Comapring products with the prices:: true
2024-12-31 13:03:33,030 INFO o.j.u.BuiltInFunctionalInterfaces [main] Logger:: HIgh Costly
2024-12-31 13:03:33,036 INFO o.j.u.BuiltInFunctionalInterfaces [main]  false
2024-12-31 13:03:33,037 INFO o.j.u.BuiltInFunctionalInterfaces [main] Apply BiPredicate for if cost value for two product are same
2024-12-31 13:03:33,038 INFO o.j.u.BuiltInFunctionalInterfaces [main] Comapring products with the prices:: true
2024-12-31 13:03:33,038 INFO o.j.u.BuiltInFunctionalInterfaces [main] Comparing three products using Custom TriFunction
2024-12-31 13:03:33,040 INFO o.j.u.BuiltInFunctionalInterfaces [main] Check tri function:: All three cost are not same
2024-12-31 15:27:21,869 INFO o.j.u.StreamCollectorsDemo [main] Create hasMap product that contains only ID and Names from List of product::
2024-12-31 15:51:19,166 INFO o.j.u.StreamCollectorsDemo [main] Create hashMap product that contains only ID and Names from List of product::
2025-01-02 16:19:20,672 INFO o.j.u.StreamCollectorsDemo [main] Create hashMap product that contains only ID and Names from List of product::
2025-01-02 16:20:04,085 INFO o.j.u.StreamCollectorsDemo [main] Create hashMap product that contains only ID and Names from List of product::
2025-01-02 16:20:47,875 INFO o.j.u.StreamCollectorsDemo [main] Create hashMap product that contains only ID and Names from List of product::
2025-01-02 16:21:08,395 INFO o.j.u.StreamCollectorsDemo [main] Create hashMap product that contains only ID and Names from List of product::
2025-01-02 16:21:40,028 INFO o.j.u.StreamCollectorsDemo [main] Create hashMap product that contains only ID and Names from List of product::
2025-01-02 17:38:36,546 INFO o.j.u.StreamCollectorsDemo [main] Create hashMap product that contains only ID and Names from List of product::
2025-01-02 17:38:58,364 INFO o.j.u.StreamCollectorsDemo [main] Create hashMap product that contains only ID and Names from List of product::
